#-----------------------------------------------------------
# Vivado v2019.2 (64-bit)
# SW Build 2708876 on Wed Nov  6 21:40:23 MST 2019
# IP Build 2700528 on Thu Nov  7 00:09:20 MST 2019
# Start of session at: Wed Jan 15 02:14:19 2020
# Process ID: 26100
# Current directory: F:/vivado/grad1kadai/CPU
# Command line: vivado.exe -gui_launcher_event rodinguilauncherevent17264 F:\vivado\grad1kadai\CPU\CPU.xpr
# Log file: F:/vivado/grad1kadai/CPU/vivado.log
# Journal file: F:/vivado/grad1kadai/CPU\vivado.jou
#-----------------------------------------------------------
start_gui
open_project F:/vivado/grad1kadai/CPU/CPU.xpr
Scanning sources...
Finished scanning sources
INFO: [IP_Flow 19-234] Refreshing IP repositories
INFO: [IP_Flow 19-1704] No user IP repositories specified
INFO: [IP_Flow 19-2313] Loaded Vivado IP repository 'E:/Xilinx/Vivado/2019.2/data/ip'.
open_project: Time (s): cpu = 00:00:22 ; elapsed = 00:00:12 . Memory (MB): peak = 753.500 ; gain = 110.613
update_compile_order -fileset sources_1
exit
INFO: [Common 17-206] Exiting Vivado at Wed Jan 15 22:38:09 2020...
