Exception at PC 0x00007FF9B00E1F28
Exception at PC 0x00007FF9B00E1F28
Unable to capture context for thread 12040 in process 4244, can not generate back trace
Exception at PC 0x00007FF9B00E1F28
Unable to capture context for thread 11932 in process 4244, can not generate back trace
Exception at PC 0x00007FF95C29BB93
Printing stacktrace...

Unable to capture context for thread 11932 in process 4244, can not generate back trace
Exception at PC 0x00007FF9B00E1F28
Exception at PC 0x00007FF9B00E1F28
Exception at PC 0x00007FF9B00E1F28
Exception at PC 0x00007FF9B00E1F28
Unable to capture context for thread 4996 in process 4244, can not generate back trace
Exception at PC 0x00007FF9B00E1F28
Exception at PC 0x00007FF9B00E1F28
Exception at PC 0x00007FF9B00E1F28
Exception at PC 0x00007FF9B00E1F28
Exception at PC 0x00007FF9B00E1F28
Exception at PC 0x00007FF9B00E1F28
Exception at PC 0x00007FF9B00E1F28
Exception at PC 0x00007FF9B00E1F28
Exception at PC 0x00007FF9B00E1F28
Exception at PC 0x00007FF9B00E1F28
Exception at PC 0x00007FF9B00E1F28
[0]  [0x00007FF95C29BB93]
[1]  [0x00007FF95C29BB93]
[2]  [0x00007FF95C29B4A1]
[3]  [0x00007FF95C29B3EF]
[4]  [0x00007FF95C2819FE]
[5]  [0x00007FF95C280ED1]
[6]  [0x00007FF95C280D76]
[7]  [0x00007FF95C2279F6]
[8]  [0x00007FF95C217AFB]
[9]  [0x00007FF95C33E90A]
[10]  [0x00007FF95C359F87]
[11]  [0x00007FF95C35A05F]
[12] (BaseThreadInitThunk+0x22) [0x00007FF9B0DA8102]
[13] (RtlUserThreadStart+0x34) [0x00007FF9B398C5B4]
Done
